[14:44:40] Service Start
[14:44:40] Start Crawl 

[14:44:41] Get matches list : 4
[14:44:57] Finish Crawl , 4 match(es) in 17s

[14:44:57] Service is running ... 

[14:44:57] load date : 2015-6-2
[14:44:57] Start Crawl 

[14:44:58] Get matches list : 9
[14:45:39] Finish Crawl , 9 match(es) in 41s

[14:45:39] Service is running ... 

[14:45:39] load date : 2015-6-1
[14:45:39] Start Crawl 

[14:45:41] Get matches list : 50
[15:04:41] Service Start
[15:04:41] Start Crawl 

[15:04:42] Get matches list : 4
[15:05:29] Service Start
[15:05:29] load date : 2015-6-2
[15:05:29] Start Crawl 

[15:05:30] Get matches list : 4
[15:05:59] Service Start
[15:05:59] load date : 2015-6-2
[15:05:59] Start Crawl 

[15:05:59] Get matches list : 4
[15:06:14] Service Start
[15:06:14] load date : 2015-6-2
[15:06:14] Start Crawl 

[15:06:14] Get matches list : 4
[15:07:29] Service Start
[15:07:29] load date : 2015-6-2
[15:07:29] Start Crawl 

[15:07:30] Get matches list : 4
[15:08:56] Service Start
[15:08:56] load date : 2015-6-2
[15:08:56] Start Crawl 

[15:08:56] Get matches list : 4
[15:09:45] Service Start
[15:09:45] load date : 2015-6-2
[15:09:45] Start Crawl 

[15:09:45] Get matches list : 4
[15:11:00] Service Start
[15:11:00] load date : 2015-6-2
[15:11:00] Start Crawl 

[15:11:00] Get matches list : 4
[15:11:52] Service Start
[15:11:52] load date : 2015-6-2
[15:11:52] Start Crawl 

[15:11:53] Get matches list : 4
[15:12:21] Service Start
[15:12:21] load date : 2015-6-2
[15:12:21] Start Crawl 

[15:12:22] Get matches list : 4
[15:12:35] Service Start
[15:12:35] load date : 2015-6-2
[15:12:35] Start Crawl 

[15:12:35] Get matches list : 4
[15:12:52] Finish Crawl , 4 match(es) in 17s

[15:12:52] Service is running ... 

[15:12:52] load date : 2015-6-1
[15:12:52] Start Crawl 

[15:12:53] Get matches list : 9
[15:54:10] Service Start
[15:54:10] load date : 2015-6-2
[15:54:10] Start Crawl 

